Selected video: C:/Users/TYLORD/Videos/HELLDIVERS™ 2 - 2025-07-20 9-05-00 PM.mp4
Selected video: C:/Users/TYLORD/Videos/HELLDIVERS™ 2 - 2025-07-23 6-46-15 PM.mp4
Selected video: C:/Users/TYLORD/Videos/HELLDIVERS™ 2 - 2025-07-20 9-13-33 PM.mp4
Selected video: C:/Users/TYLORD/Videos/HELLDIVERS™ 2 - 2025-07-25 10-24-07 PM.mp4
Selected video: C:/Users/TYLORD/Videos/HELLDIVERS™ 2 - 2025-07-25 10-24-07 PM.mp4
Selected video: C:/Users/TYLORD/Videos/HELLDIVERS™ 2 - 2025-07-25 10-24-07 PM.mp4
GameAnalyzer: starting application
GameAnalyzer: exiting with code 0
GameAnalyzer: starting application
GUI init: start
GUI init: container and layout created
GUI: central widget set and shown
GUI: menu and status bar set
GUI: initialization complete
Selected video: C:/Users/TYLORD/Videos/HELLDIVERS™ 2 - 2025-07-25 10-24-07 PM.mp4
GameAnalyzer: starting application
GUI init: start
GUI init: container and layout created
GUI: central widget set and shown
GUI: menu and status bar set
GUI: initialization complete
Selected video: C:/Users/TYLORD/Videos/HELLDIVERS™ 2 - 2025-07-25 10-24-07 PM.mp4
GameAnalyzer: starting application
GUI init: start
GUI init: container and layout created
GUI: central widget set and shown
GUI: menu and status bar set
GUI: initialization complete
Selected video: C:/Users/TYLORD/Videos/HELLDIVERS™ 2 - 2025-07-25 10-24-07 PM.mp4
GameAnalyzer: starting application
GUI init: start
GUI init: container and layout created
GUI: central widget set and shown
GUI: menu and status bar set
GUI: initialization complete
Selected video: C:/Users/TYLORD/Videos/HELLDIVERS™ 2 - 2025-07-25 10-24-07 PM.mp4
GameAnalyzer: starting application
GUI init: start
GUI init: container and layout created
GUI: central widget set and shown
GUI: menu and status bar set
GUI: initialization complete
Selected video: C:/Users/TYLORD/Videos/HELLDIVERS™ 2 - 2025-07-25 10-24-07 PM.mp4
GameAnalyzer: starting application
GUI init: start
GUI init: container and layout created
GUI: central widget set and shown
GUI: menu and status bar set
GUI: initialization complete
Selected video: C:/Users/TYLORD/Videos/Undisputed - 2025-07-30 11-38-11 PM.mp4
GameAnalyzer: starting application
GUI init: start
GUI init: container and layout created
GUI: central widget set and shown
GUI: menu and status bar set
GUI: initialization complete
Selected video: C:/Users/TYLORD/Videos/HELLDIVERS™ 2 - 2025-07-25 10-24-07 PM.mp4
GameAnalyzer: starting application
GUI init: start
GUI init: container and layout created
GUI: central widget set and shown
GUI: menu and status bar set
GUI: initialization complete
Selected video: C:/Users/TYLORD/Videos/HELLDIVERS™ 2 - 2025-07-23 6-46-15 PM.mp4
GameAnalyzer: starting application
GUI init: start
GUI init: container and layout created
GUI: central widget set and shown
GUI: menu and status bar set
GUI: initialization complete
Selected video: C:/Users/TYLORD/Videos/HELLDIVERS™ 2 - 2025-07-23 6-46-15 PM.mp4
GameAnalyzer: starting application
GUI init: start
GUI init: container and layout created
GUI: central widget set and shown
GUI: menu and status bar set
GUI: initialization complete
Selected video: C:/Users/TYLORD/Videos/HELLDIVERS™ 2 - 2025-07-23 6-46-15 PM.mp4
GameAnalyzer: exiting with code 0
GameAnalyzer: starting application
GUI init: start
GUI init: container and layout created
GUI: central widget set and shown
GUI: menu and status bar set
GUI: initialization complete
Selected video: C:/Users/TYLORD/Videos/HELLDIVERS™ 2 - 2025-07-23 6-46-15 PM.mp4
GameAnalyzer: exiting with code 0
GameAnalyzer: starting application
GUI init: start
GUI init: container and layout created
GUI: central widget set and shown
GUI: menu and status bar set
GUI: initialization complete
Selected video: C:/Users/TYLORD/Videos/HELLDIVERS™ 2 - 2025-07-23 6-46-15 PM.mp4
GameAnalyzer: exiting with code 0
GameAnalyzer: starting application
GUI init: start
GUI init: container and layout created
GUI: central widget set and shown
GUI: menu and status bar set
GUI: initialization complete
TEST_PLAYBACK: starting automated playback test
play_video called
fast_forward called
rewind called
skip_forward called
skip_backward called
pause_video called
TEST_PLAYBACK: finished
play_video called
fast_forward called
fast_forward called
fast_forward called
skip_forward called
skip_forward called
GameAnalyzer: exiting with code 0
